<?xml version="1.0" encoding="UTF-8"?>
<!-- Generated by org.testng.reporters.JUnitReportReporter -->
<testsuite hostname="port.local" name="com.mkyong.suites.SampleSuiteITest" tests="9" failures="0" timestamp="13 Nov 2015 18:42:27 GMT" time="61.389" errors="0">
  <testcase name="we_should_be_able_to_configure_values_from_properties_files" time="1.588" classname="com.mkyong.suites.SampleSuiteITest"/>
  <testcase name="we_should_be_default_screensize_to_Phone" time="2.227" classname="com.mkyong.suites.SampleSuiteITest"/>
  <testcase name="we_should_be_able_to_return_new_pages_from_pages" time="19.257" classname="com.mkyong.suites.SampleSuiteITest"/>
  <testcase name="we_should_be_able_to_control_screensize_via_annotations" time="14.749" classname="com.mkyong.suites.SampleSuiteITest"/>
  <testcase name="we_should_get_an_error_when_calling_factory_methods_with_a_return_type_that_does_not_extend_Page" time="2.475" classname="com.mkyong.suites.SampleSuiteITest"/>
  <testcase name="we_should_get_an_error_when_initializing_a_page_that_is_not_viewable_from_the_current_url" time="1.921" classname="com.mkyong.suites.SampleSuiteITest"/>
  <testcase name="we_should_be_able_to_set_the_user_agent_on_a_test_by_test_basis" time="1.593" classname="com.mkyong.suites.SampleSuiteITest"/>
  <testcase name="we_should_be_able_to_view_google_with_phantom" time="3.110" classname="com.mkyong.suites.SampleSuiteITest"/>
  <testcase name="we_should_be_able_to_pass_desired_urls_to_pages" time="14.469" classname="com.mkyong.suites.SampleSuiteITest"/>
</testsuite> <!-- com.mkyong.suites.SampleSuiteITest -->
